Tue Jan 06 16:08:45 CET 2015 : Apache Derby Serveur réseau - 10.9.1.0 - (1344872) démarré et prêt à accepter les connexions sur le port 1527
----------------------------------------------------------------
Tue Jan 06 16:08:45 CET 2015:
Amorçage de Derby version The Apache Software Foundation - Apache Derby - 10.9.1.0 - (1344872) : instance a816c00e-014a-bfca-7a33-00006081e8dc 
dans le répertoire de base de données D:\Officiel\Projets\FoodCost\FoodCostServer\DataBase\RestoDB  avec le chargeur de classe sun.misc.Launcher$AppClassLoader@1d44bcfa

java.vendor=Oracle Corporation
java.runtime.version=1.8.0_25-b18
user.dir=C:\Program Files\glassfish-4.0\javadb
derby.system.home=D:\Officiel\Projets\FoodCost\FoodCostServer\DataBase
Chargeur de classe de la base de données démarré - derby.database.classpath=''
----------------------------------------------------------------
Tue Jan 06 16:08:56 CET 2015:
Fermeture de l'instance a816c00e-014a-bfca-7a33-00006081e8dc sur le répertoire de base de données D:\Officiel\Projets\FoodCost\FoodCostServer\DataBase\RestoDB avec le chargeur de classe sun.misc.Launcher$AppClassLoader@1d44bcfa
Tue Jan 06 16:08:56 CET 2015 Thread[DRDAConnThread_3,5,main] (DATABASE = RestoDB), (DRDAID = {2}), Arrêt de la base de données 'RestoDB'.
----------------------------------------------------------------
Tue Jan 06 16:09:01 CET 2015:
Amorçage de Derby version The Apache Software Foundation - Apache Derby - 10.9.1.0 - (1344872) : instance 45b300a8-014a-bfca-7a33-00006081e8dc 
dans le répertoire de base de données D:\Officiel\Projets\FoodCost\FoodCostServer\DataBase\RestoDB  avec le chargeur de classe sun.misc.Launcher$AppClassLoader@1d44bcfa

java.vendor=Oracle Corporation
java.runtime.version=1.8.0_25-b18
user.dir=C:\Program Files\glassfish-4.0\javadb
derby.system.home=D:\Officiel\Projets\FoodCost\FoodCostServer\DataBase
Chargeur de classe de la base de données démarré - derby.database.classpath=''
